g:\github\github_ks\luatutorial\x64\debug\lua_lib.pdb
g:\github\github_ks\luatutorial\x64\debug\lua_lib.idb
g:\github\github_ks\luatutorial\lua_lib\x64\debug\lopcodes.obj
g:\github\github_ks\luatutorial\lua_lib\x64\debug\lobject.obj
g:\github\github_ks\luatutorial\lua_lib\x64\debug\loadlib.obj
g:\github\github_ks\luatutorial\lua_lib\x64\debug\lmem.obj
g:\github\github_ks\luatutorial\lua_lib\x64\debug\lmathlib.obj
g:\github\github_ks\luatutorial\lua_lib\x64\debug\llex.obj
g:\github\github_ks\luatutorial\lua_lib\x64\debug\liolib.obj
g:\github\github_ks\luatutorial\lua_lib\x64\debug\linit.obj
g:\github\github_ks\luatutorial\lua_lib\x64\debug\lgc.obj
g:\github\github_ks\luatutorial\lua_lib\x64\debug\lfunc.obj
g:\github\github_ks\luatutorial\lua_lib\x64\debug\ldump.obj
g:\github\github_ks\luatutorial\lua_lib\x64\debug\ldo.obj
g:\github\github_ks\luatutorial\lua_lib\x64\debug\ldebug.obj
g:\github\github_ks\luatutorial\lua_lib\x64\debug\ldblib.obj
g:\github\github_ks\luatutorial\lua_lib\x64\debug\lctype.obj
g:\github\github_ks\luatutorial\lua_lib\x64\debug\lcorolib.obj
g:\github\github_ks\luatutorial\lua_lib\x64\debug\lcode.obj
g:\github\github_ks\luatutorial\lua_lib\x64\debug\lbaselib.obj
g:\github\github_ks\luatutorial\lua_lib\x64\debug\lauxlib.obj
g:\github\github_ks\luatutorial\lua_lib\x64\debug\lapi.obj
g:\github\github_ks\luatutorial\lua_lib\x64\debug\lzio.obj
g:\github\github_ks\luatutorial\lua_lib\x64\debug\lvm.obj
g:\github\github_ks\luatutorial\lua_lib\x64\debug\lutf8lib.obj
g:\github\github_ks\luatutorial\lua_lib\x64\debug\lundump.obj
g:\github\github_ks\luatutorial\lua_lib\x64\debug\luac.obj
g:\github\github_ks\luatutorial\lua_lib\x64\debug\lua.obj
g:\github\github_ks\luatutorial\lua_lib\x64\debug\ltm.obj
g:\github\github_ks\luatutorial\lua_lib\x64\debug\ltablib.obj
g:\github\github_ks\luatutorial\lua_lib\x64\debug\ltable.obj
g:\github\github_ks\luatutorial\lua_lib\x64\debug\lstrlib.obj
g:\github\github_ks\luatutorial\lua_lib\x64\debug\lstring.obj
g:\github\github_ks\luatutorial\lua_lib\x64\debug\lstate.obj
g:\github\github_ks\luatutorial\lua_lib\x64\debug\lparser.obj
g:\github\github_ks\luatutorial\lua_lib\x64\debug\loslib.obj
g:\github\github_ks\luatutorial\x64\debug\lua_lib.lib
g:\github\github_ks\luatutorial\lua_lib\x64\debug\lua_lib.tlog\cl.command.1.tlog
g:\github\github_ks\luatutorial\lua_lib\x64\debug\lua_lib.tlog\cl.read.1.tlog
g:\github\github_ks\luatutorial\lua_lib\x64\debug\lua_lib.tlog\cl.write.1.tlog
g:\github\github_ks\luatutorial\lua_lib\x64\debug\lua_lib.tlog\lib-link.read.1.tlog
g:\github\github_ks\luatutorial\lua_lib\x64\debug\lua_lib.tlog\lib-link.write.1.tlog
g:\github\github_ks\luatutorial\lua_lib\x64\debug\lua_lib.tlog\lib.command.1.tlog
